[2024-06-24 08:47:04] [77] [WARN] Reporting disabled: using no op test run registrar
[2024-06-24 08:47:04] [77] [INFO] TEST [Create account Page - verifyRegistrationFieldsAreRequired] STARTED at [10:47:04 2024-06-24]
[2024-06-24 08:47:04] [77] [INFO] Starting driver session...
[2024-06-24 08:47:04] [77] [INFO] Driver session started.
[2024-06-24 08:47:04] [77] [INFO] INFO: opening url 'https://parabank.parasoft.com/'
[2024-06-24 08:47:07] [77] [INFO] Element 'registerLinkButton' is clicked.
[2024-06-24 08:47:22] [77] [WARN] Actual URL differs from expected one. Expected 'https://parabank.parasoft.com/' but found 'https://parabank.parasoft.com/parabank/register.htm'
[2024-06-24 08:47:33] [77] [INFO] Element 'registerButton' is clicked.
[2024-06-24 08:47:33] [77] [INFO] returned first but found 10 elements by locator: By.xpath: //table[@class='form2']//span
[2024-06-24 08:47:34] [77] [INFO] returned first but found 10 elements by locator: By.xpath: //table[@class='form2']//span
[2024-06-24 08:47:34] [77] [INFO] returned first but found 10 elements by locator: By.xpath: //table[@class='form2']//span
[2024-06-24 08:47:35] [77] [ERROR] TEST [Create account Page - verifyRegistrationFieldsAreRequired] FAILED at [10:47:35 2024-06-24] - The following asserts failed:
	ZipCode error message is present before clicking Create Account button expected [false] but found [true]

org.testng.asserts.SoftAssert.assertAll(SoftAssert.java:46)
org.testng.asserts.SoftAssert.assertAll(SoftAssert.java:30)
para.bank.CreateAccountPageTest.verifyRegistrationFieldsAreRequired(CreateAccountPageTest.java:142)
java.base/jdk.internal.reflect.DirectMethodHandleAccessor.invoke(DirectMethodHandleAccessor.java:103)
java.base/java.lang.reflect.Method.invoke(Method.java:580)
org.testng.internal.invokers.MethodInvocationHelper.invokeMethod(MethodInvocationHelper.java:139)
org.testng.internal.invokers.TestInvoker.invokeMethod(TestInvoker.java:664)
org.testng.internal.invokers.TestInvoker.invokeTestMethod(TestInvoker.java:228)
org.testng.internal.invokers.MethodRunner.runInSequence(MethodRunner.java:63)
org.testng.internal.invokers.TestInvoker$MethodInvocationAgent.invoke(TestInvoker.java:961)
org.testng.internal.invokers.TestInvoker.invokeTestMethods(TestInvoker.java:201)
org.testng.internal.invokers.TestMethodWorker.invokeTestMethods(TestMethodWorker.java:148)
org.testng.internal.invokers.TestMethodWorker.run(TestMethodWorker.java:128)
java.base/java.util.concurrent.Executors$RunnableAdapter.call(Executors.java:572)
java.base/java.util.concurrent.FutureTask.run(FutureTask.java:317)
org.testng.internal.thread.graph.TestNGFutureTask.run(TestNGFutureTask.java:22)
java.base/java.util.concurrent.ThreadPoolExecutor.runWorker(ThreadPoolExecutor.java:1144)
java.base/java.util.concurrent.ThreadPoolExecutor$Worker.run(ThreadPoolExecutor.java:642)
java.base/java.lang.Thread.run(Thread.java:1570)
